<?xml version="1.0" encoding="UTF-8"?>
<!-- Generated by org.testng.reporters.JUnitReportReporter -->
<testsuite hostname="DESKTOP-U42K0FN" failures="0" tests="2" name="seleniumuiframework.tests.SubmitOrderTests" time="13.746" errors="0" timestamp="2024-02-01T10:16:27 EET" skipped="0">
  <testcase classname="seleniumuiframework.tests.SubmitOrderTests" name="SubmitOrder" time="9.262"/>
  <testcase classname="seleniumuiframework.tests.SubmitOrderTests" name="OrderIsDisplayedInOrdersPageWhenItIsSubmitted" time="4.484"/>
</testsuite> <!-- seleniumuiframework.tests.SubmitOrderTests -->
