<?xml version="1.0" encoding="UTF-8"?>
<!-- Generated by org.testng.reporters.JUnitReportReporter -->
<testsuite hostname="DESKTOP-U42K0FN" failures="0" tests="1" name="seleniumuiframework.tests.ErrorValidationsTests" time="3.753" errors="0" timestamp="2024-02-01T08:24:43 EET" skipped="0">
  <testcase classname="seleniumuiframework.tests.ErrorValidationsTests" name="InvalidLoginCredentialsErrorValidation" time="3.753"/>
</testsuite> <!-- seleniumuiframework.tests.ErrorValidationsTests -->
