<?xml version="1.0" encoding="UTF-8"?>
<!-- Generated by org.testng.reporters.JUnitReportReporter -->
<testsuite hostname="DESKTOP-U42K0FN" failures="0" tests="1" name="seleniumuiframework.tests.SubmitOrderTests" time="9.199" errors="0" timestamp="2024-02-01T08:24:43 EET" skipped="0">
  <testcase classname="seleniumuiframework.tests.SubmitOrderTests" name="SubmitOrder" time="9.199"/>
</testsuite> <!-- seleniumuiframework.tests.SubmitOrderTests -->
