<?xml version="1.0" encoding="UTF-8"?>
<!-- Generated by org.testng.reporters.JUnitReportReporter -->
<testsuite hostname="DESKTOP-U42K0FN" failures="0" tests="1" name="seleniumuiframework.tests.SubmitOrderTests" time="14.137" errors="0" timestamp="2024-01-31T13:46:21 EET" skipped="0">
  <testcase classname="seleniumuiframework.tests.SubmitOrderTests" name="submitOrder" time="14.137"/>
</testsuite> <!-- seleniumuiframework.tests.SubmitOrderTests -->
