<?xml version="1.0" encoding="UTF-8"?>
<!-- Generated by org.testng.reporters.JUnitReportReporter -->
<testsuite hostname="DESKTOP-U42K0FN" failures="0" tests="1" name="seleniumuiframework.tests.ErrorValidationsTests" time="6.400" errors="0" timestamp="2024-01-31T13:45:48 EET" skipped="0">
  <testcase classname="seleniumuiframework.tests.ErrorValidationsTests" name="invalidLoginCredentials" time="6.400"/>
</testsuite> <!-- seleniumuiframework.tests.ErrorValidationsTests -->
